<?xml version="1.0" encoding="UTF-8"?>
<testsuite xmlns:xsi="http://www.w3.org/2001/XMLSchema-instance" xsi:noNamespaceSchemaLocation="https://maven.apache.org/surefire/maven-surefire-plugin/xsd/surefire-test-report-3.0.xsd" version="3.0" name="com.intecod.app.AppApplicationTests" time="3.617" tests="1" errors="0" skipped="0" failures="0">
  <properties>
[...]
</properties>
  <testcase name="contextLoads" classname="com.intecod.app.AppApplicationTests" time="0.635">
    <system-out><![CDATA[15:09:53.963 [main] INFO org.springframework.test.context.support.AnnotationConfigContextLoaderUtils -- Could not detect default configuration classes for test class [com.intecod.app.AppApplicationTests]: AppApplicationTests does not declare any static, non-private, non-final, nested classes annotated with @Configuration.
15:09:54.030 [main] INFO org.springframework.boot.test.context.SpringBootTestContextBootstrapper -- Found @SpringBootConfiguration com.intecod.app.AppApplication for test class com.intecod.app.AppApplicationTests
15:09:54.134 [main] INFO org.springframework.boot.devtools.restart.RestartApplicationListener -- Restart disabled due to context in which it is running
  .   ____          _            __ _ _
 /\\ / ___'_ __ _ _(_)_ __  __ _ \ \ \ \
( ( )\___ | '_ | '_| | '_ \/ _` | \ \ \ \
 \\/  ___)| |_)| | | | | || (_| |  ) ) ) )
  '  |____| .__|_| |_|_| |_\__, | / / / /
 =========|_|==============|___/=/_/_/_/

 :: Spring Boot ::                (v3.3.0)

2024-10-22T15:09:54.311+02:00  INFO 168108 --- [app-spring-base] [           main] com.intecod.app.AppApplicationTests      : Starting AppApplicationTests using Java 21.0.4 with PID 168108 (started by dparedes in /home/dparedes/proyectos/academia/escribebackend)
2024-10-22T15:09:54.312+02:00  INFO 168108 --- [app-spring-base] [           main] com.intecod.app.AppApplicationTests      : No active profile set, falling back to 1 default profile: "default"
2024-10-22T15:09:54.977+02:00  INFO 168108 --- [app-spring-base] [           main] .s.d.r.c.RepositoryConfigurationDelegate : Bootstrapping Spring Data MongoDB repositories in DEFAULT mode.
2024-10-22T15:09:55.018+02:00  INFO 168108 --- [app-spring-base] [           main] .s.d.r.c.RepositoryConfigurationDelegate : Finished Spring Data repository scanning in 37 ms. Found 6 MongoDB repository interfaces.
2024-10-22T15:09:55.543+02:00  INFO 168108 --- [app-spring-base] [           main] org.mongodb.driver.client                : MongoClient with metadata {"driver": {"name": "mongo-java-driver|sync|spring-boot", "version": "5.0.1"}, "os": {"type": "Linux", "name": "Linux", "architecture": "amd64", "version": "6.8.0-47-generic"}, "platform": "Java/Ubuntu/21.0.4+7-Ubuntu-1ubuntu224.04"} created with settings MongoClientSettings{readPreference=primary, writeConcern=WriteConcern{w=null, wTimeout=null ms, journal=null}, retryWrites=true, retryReads=true, readConcern=ReadConcern{level=null}, credential=MongoCredential{mechanism=null, userName='aescritura95', source='admin', password=<hidden>, mechanismProperties=<hidden>}, transportSettings=null, commandListeners=[io.micrometer.core.instrument.binder.mongodb.MongoMetricsCommandListener@350323a0], codecRegistry=ProvidersCodecRegistry{codecProviders=[ValueCodecProvider{}, BsonValueCodecProvider{}, DBRefCodecProvider{}, DBObjectCodecProvider{}, DocumentCodecProvider{}, CollectionCodecProvider{}, IterableCodecProvider{}, MapCodecProvider{}, GeoJsonCodecProvider{}, GridFSFileCodecProvider{}, Jsr310CodecProvider{}, JsonObjectCodecProvider{}, BsonCodecProvider{}, EnumCodecProvider{}, com.mongodb.client.model.mql.ExpressionCodecProvider@2506b881, com.mongodb.Jep395RecordCodecProvider@5d7dd549, com.mongodb.KotlinCodecProvider@486bd064]}, loggerSettings=LoggerSettings{maxDocumentLength=1000}, clusterSettings={hosts=[127.0.0.1:27017], srvHost=clusterescribe.6vqxn.mongodb.net, srvServiceName=mongodb, mode=MULTIPLE, requiredClusterType=REPLICA_SET, requiredReplicaSetName='atlas-k4m3aq-shard-0', serverSelector='null', clusterListeners='[]', serverSelectionTimeout='30000 ms', localThreshold='15 ms'}, socketSettings=SocketSettings{connectTimeoutMS=10000, readTimeoutMS=0, receiveBufferSize=0, proxySettings=ProxySettings{host=null, port=null, username=null, password=null}}, heartbeatSocketSettings=SocketSettings{connectTimeoutMS=10000, readTimeoutMS=10000, receiveBufferSize=0, proxySettings=ProxySettings{host=null, port=null, username=null, password=null}}, connectionPoolSettings=ConnectionPoolSettings{maxSize=100, minSize=0, maxWaitTimeMS=120000, maxConnectionLifeTimeMS=0, maxConnectionIdleTimeMS=0, maintenanceInitialDelayMS=0, maintenanceFrequencyMS=60000, connectionPoolListeners=[io.micrometer.core.instrument.binder.mongodb.MongoMetricsConnectionPoolListener@6459f4ea], maxConnecting=2}, serverSettings=ServerSettings{heartbeatFrequencyMS=10000, minHeartbeatFrequencyMS=500, serverListeners='[]', serverMonitorListeners='[]'}, sslSettings=SslSettings{enabled=true, invalidHostNameAllowed=false, context=null}, applicationName='null', compressorList=[], uuidRepresentation=JAVA_LEGACY, serverApi=null, autoEncryptionSettings=null, dnsClient=null, inetAddressResolver=null, contextProvider=null}
2024-10-22T15:09:55.557+02:00  INFO 168108 --- [app-spring-base] [qxn.mongodb.net] org.mongodb.driver.cluster               : Adding discovered server clusterescribe-shard-00-00.6vqxn.mongodb.net:27017 to client view of cluster
2024-10-22T15:09:55.584+02:00  INFO 168108 --- [app-spring-base] [qxn.mongodb.net] org.mongodb.driver.cluster               : Adding discovered server clusterescribe-shard-00-02.6vqxn.mongodb.net:27017 to client view of cluster
2024-10-22T15:09:55.587+02:00  INFO 168108 --- [app-spring-base] [qxn.mongodb.net] org.mongodb.driver.cluster               : Adding discovered server clusterescribe-shard-00-01.6vqxn.mongodb.net:27017 to client view of cluster
2024-10-22T15:09:56.005+02:00  INFO 168108 --- [app-spring-base] [           main] r$InitializeUserDetailsManagerConfigurer : Global AuthenticationManager configured with UserDetailsService bean with name mongoUserDetailsService
2024-10-22T15:09:56.361+02:00  INFO 168108 --- [app-spring-base] [           main] o.s.b.a.e.web.EndpointLinksResolver      : Exposing 1 endpoint beneath base path '/actuator'
2024-10-22T15:09:56.430+02:00  INFO 168108 --- [app-spring-base] [           main] o.s.s.web.DefaultSecurityFilterChain     : Will secure any request with [org.springframework.security.web.session.DisableEncodeUrlFilter@5f33e6d, org.springframework.security.web.context.request.async.WebAsyncManagerIntegrationFilter@151a6598, org.springframework.security.web.context.SecurityContextHolderFilter@6fe2a366, org.springframework.security.web.header.HeaderWriterFilter@43b172e3, org.springframework.web.filter.CorsFilter@6fa3def8, org.springframework.security.web.authentication.logout.LogoutFilter@71316cd7, com.intecod.app.security.filter.JwtAuthenticationFilter@1c3d9e28, com.intecod.app.security.filter.JwtValidationFilter@a1cb94, org.springframework.security.web.savedrequest.RequestCacheAwareFilter@99c3cee, org.springframework.security.web.servletapi.SecurityContextHolderAwareRequestFilter@2db461b5, org.springframework.security.web.authentication.AnonymousAuthenticationFilter@46d148bd, org.springframework.security.web.session.SessionManagementFilter@304068, org.springframework.security.web.access.ExceptionTranslationFilter@5599dc60, org.springframework.security.web.access.intercept.AuthorizationFilter@5dacf18d]
2024-10-22T15:09:56.705+02:00  INFO 168108 --- [app-spring-base] [ngodb.net:27017] org.mongodb.driver.cluster               : Monitor thread successfully connected to server with description ServerDescription{address=clusterescribe-shard-00-01.6vqxn.mongodb.net:27017, type=REPLICA_SET_SECONDARY, state=CONNECTED, ok=true, minWireVersion=0, maxWireVersion=21, maxDocumentSize=16777216, logicalSessionTimeoutMinutes=30, roundTripTimeNanos=626602862, setName='atlas-k4m3aq-shard-0', canonicalAddress=clusterescribe-shard-00-01.6vqxn.mongodb.net:27017, hosts=[clusterescribe-shard-00-01.6vqxn.mongodb.net:27017, clusterescribe-shard-00-02.6vqxn.mongodb.net:27017, clusterescribe-shard-00-00.6vqxn.mongodb.net:27017], passives=[], arbiters=[], primary='clusterescribe-shard-00-02.6vqxn.mongodb.net:27017', tagSet=TagSet{[Tag{name='diskState', value='READY'}, Tag{name='nodeType', value='ELECTABLE'}, Tag{name='provider', value='AZURE'}, Tag{name='region', value='US_WEST'}, Tag{name='workloadType', value='OPERATIONAL'}]}, electionId=null, setVersion=8, topologyVersion=TopologyVersion{processId=67095bdf4b3efc06132cd665, counter=3}, lastWriteDate=Tue Oct 22 15:09:56 CEST 2024, lastUpdateTimeNanos=26625570360569}
2024-10-22T15:09:56.705+02:00  INFO 168108 --- [app-spring-base] [ngodb.net:27017] org.mongodb.driver.cluster               : Monitor thread successfully connected to server with description ServerDescription{address=clusterescribe-shard-00-02.6vqxn.mongodb.net:27017, type=REPLICA_SET_PRIMARY, state=CONNECTED, ok=true, minWireVersion=0, maxWireVersion=21, maxDocumentSize=16777216, logicalSessionTimeoutMinutes=30, roundTripTimeNanos=626605237, setName='atlas-k4m3aq-shard-0', canonicalAddress=clusterescribe-shard-00-02.6vqxn.mongodb.net:27017, hosts=[clusterescribe-shard-00-01.6vqxn.mongodb.net:27017, clusterescribe-shard-00-02.6vqxn.mongodb.net:27017, clusterescribe-shard-00-00.6vqxn.mongodb.net:27017], passives=[], arbiters=[], primary='clusterescribe-shard-00-02.6vqxn.mongodb.net:27017', tagSet=TagSet{[Tag{name='diskState', value='READY'}, Tag{name='nodeType', value='ELECTABLE'}, Tag{name='provider', value='AZURE'}, Tag{name='region', value='US_WEST'}, Tag{name='workloadType', value='OPERATIONAL'}]}, electionId=7fffffff00000000000000f2, setVersion=8, topologyVersion=TopologyVersion{processId=67095b8d51f66d066ebe253a, counter=6}, lastWriteDate=Tue Oct 22 15:09:56 CEST 2024, lastUpdateTimeNanos=26625570360569}
2024-10-22T15:09:56.705+02:00  INFO 168108 --- [app-spring-base] [ngodb.net:27017] org.mongodb.driver.cluster               : Monitor thread successfully connected to server with description ServerDescription{address=clusterescribe-shard-00-00.6vqxn.mongodb.net:27017, type=REPLICA_SET_SECONDARY, state=CONNECTED, ok=true, minWireVersion=0, maxWireVersion=21, maxDocumentSize=16777216, logicalSessionTimeoutMinutes=30, roundTripTimeNanos=626613338, setName='atlas-k4m3aq-shard-0', canonicalAddress=clusterescribe-shard-00-00.6vqxn.mongodb.net:27017, hosts=[clusterescribe-shard-00-01.6vqxn.mongodb.net:27017, clusterescribe-shard-00-02.6vqxn.mongodb.net:27017, clusterescribe-shard-00-00.6vqxn.mongodb.net:27017], passives=[], arbiters=[], primary='clusterescribe-shard-00-02.6vqxn.mongodb.net:27017', tagSet=TagSet{[Tag{name='diskState', value='READY'}, Tag{name='nodeType', value='ELECTABLE'}, Tag{name='provider', value='AZURE'}, Tag{name='region', value='US_WEST'}, Tag{name='workloadType', value='OPERATIONAL'}]}, electionId=null, setVersion=8, topologyVersion=TopologyVersion{processId=67095b3b1976ab70eb250d72, counter=4}, lastWriteDate=Tue Oct 22 15:09:56 CEST 2024, lastUpdateTimeNanos=26625570366785}
2024-10-22T15:09:56.708+02:00  INFO 168108 --- [app-spring-base] [ngodb.net:27017] org.mongodb.driver.cluster               : Discovered replica set primary clusterescribe-shard-00-02.6vqxn.mongodb.net:27017 with max election id 7fffffff00000000000000f2 and max set version 8
2024-10-22T15:09:56.748+02:00  INFO 168108 --- [app-spring-base] [           main] com.intecod.app.AppApplicationTests      : Started AppApplicationTests in 2.622 seconds (process running for 3.274)
]]></system-out>
    <system-err><![CDATA[WARNING: A Java agent has been loaded dynamically (/home/dparedes/.m2/repository/net/bytebuddy/byte-buddy-agent/1.14.16/byte-buddy-agent-1.14.16.jar)
WARNING: If a serviceability tool is in use, please run with -XX:+EnableDynamicAgentLoading to hide this warning
WARNING: If a serviceability tool is not in use, please run with -Djdk.instrument.traceUsage for more information
WARNING: Dynamic loading of agents will be disallowed by default in a future release
]]></system-err>
  </testcase>
</testsuite>